make all --print-data-base --no-builtin-variables --no-builtin-rules --question
# GNU Make 4.3
# Built for arm-unknown-linux-gnueabihf
# Copyright (C) 1988-2020 Free Software Foundation, Inc.
# License GPLv3+: GNU GPL version 3 or later <http://gnu.org/licenses/gpl.html>
# This is free software: you are free to change and redistribute it.
# There is NO WARRANTY, to the extent permitted by law.

# Make data base, printed on Wed Jun  1 15:26:16 2022

# Variables

# environment
GDK_BACKEND = x11
# environment
LC_ALL = C
# environment
NO_AT_BRIDGE = 1
# environment
VSCODE_IPC_HOOK_EXTHOST = /run/user/1000/vscode-ipc-6456dfc4-6d6f-4a50-841f-445968dd66d0.sock
# environment
VSCODE_CWD = /home/greppel
# environment
TEXTDOMAIN = Linux-PAM
# default
MAKE_COMMAND := make
# automatic
@D = $(patsubst %/,%,$(dir $@))
# environment
VSCODE_HANDLES_UNCAUGHT_ERRORS = true
# default
.VARIABLES := 
# environment
PWD = /home/greppel/projects/Robotics/ServoMotor/MyDynamixel
# automatic
%D = $(patsubst %/,%,$(dir $%))
# environment
XDG_DATA_DIRS = /usr/local/share:/usr/share/raspi-ui-overrides:/usr/share:/usr/share/gdm:/var/lib/menu-xdg
# automatic
^D = $(patsubst %/,%,$(dir $^))
# environment
VSCODE_LOG_STACK = false
# automatic
%F = $(notdir $%)
# environment
VSCODE_CODE_CACHE_PATH = /home/greppel/.config/Code/CachedData/dfd34e8260c270da74b5c2d86d61aee4b6d56977
# environment
XDG_SESSION_PATH = /org/freedesktop/DisplayManager/Session0
# environment
LANG = C
# environment
XAUTHORITY = /home/greppel/.Xauthority
# default
.LOADED := 
# default
.INCLUDE_DIRS = /usr/local/include /usr/include /usr/include
# makefile (from 'Makefile', line 61)
CMAKE_COMMAND = /usr/bin/cmake
# makefile
MAKEFLAGS = pqrR
# makefile
CURDIR := /home/greppel/projects/Robotics/ServoMotor/MyDynamixel
# environment
VSCODE_PIPE_LOGGING = true
# environment
APPLICATION_INSIGHTS_NO_DIAGNOSTIC_CHANNEL = 1
# automatic
*D = $(patsubst %/,%,$(dir $*))
# environment
MFLAGS = -pqrR
# environment
SSH_AUTH_SOCK = /tmp/ssh-LqDTKCM2unu2/agent.583
# default
.SHELLFLAGS := -c
# environment
_LXSESSION_PID = 583
# environment
XDG_CONFIG_DIRS = /etc/xdg
# automatic
+D = $(patsubst %/,%,$(dir $+))
# environment
XDG_SESSION_DESKTOP = lightdm-xsession
# makefile (from 'Makefile', line 1)
MAKEFILE_LIST := Makefile
# makefile (from 'Makefile', line 73)
CMAKE_BINARY_DIR = /home/greppel/projects/Robotics/ServoMotor/MyDynamixel
# automatic
@F = $(notdir $@)
# environment
VSCODE_VERBOSE_LOGGING = true
# environment
VSCODE_PID = 1173
# environment
XDG_SESSION_TYPE = x11
# automatic
?D = $(patsubst %/,%,$(dir $?))
# environment
SAL_USE_VCLPLUGIN = gtk3
# makefile (from 'Makefile', line 70)
CMAKE_SOURCE_DIR = /home/greppel/projects/Robotics/ServoMotor/MyDynamixel
# automatic
*F = $(notdir $*)
# environment
QT_QPA_PLATFORMTHEME = qt5ct
# environment
CHROME_DESKTOP = code-url-handler.desktop
# environment
DBUS_SESSION_BUS_ADDRESS = unix:path=/run/user/1000/bus
# automatic
<D = $(patsubst %/,%,$(dir $<))
# environment
VSCODE_NLS_CONFIG = {"locale":"en-us","availableLanguages":{},"_languagePackSupport":true}
# default
MAKE_HOST := arm-unknown-linux-gnueabihf
# makefile (from 'Makefile', line 58)
SHELL = /bin/sh
# default
MAKECMDGOALS := all
# environment
SHLVL = 0
# environment
MAKELEVEL := 0
# default
MAKE = $(MAKE_COMMAND)
# environment
PATH = /home/greppel/.local/bin:/usr/local/sbin:/usr/local/bin:/usr/sbin:/usr/bin:/sbin:/bin:/usr/local/games:/usr/games
# default
MAKEFILES := 
# environment
LANGUAGE = en_US.UTF-8
# automatic
^F = $(notdir $^)
# environment
XDG_CONFIG_HOME = /home/greppel/.config
# environment
VSCODE_LOG_NATIVE = false
# automatic
?F = $(notdir $?)
# environment
XDG_SEAT = seat0
# environment
XDG_CURRENT_DESKTOP = LXDE
# environment
LS_COLORS = 
# automatic
+F = $(notdir $+)
# environment
XDG_SEAT_PATH = /org/freedesktop/DisplayManager/Seat0
# environment
DESKTOP_SESSION = LXDE-pi
# environment
ORIGINAL_XDG_CURRENT_DESKTOP = LXDE
# 'override' directive
GNUMAKEFLAGS := 
# makefile (from 'Makefile', line 67)
EQUALS = =
# environment
LOGNAME = greppel
# environment
XDG_VTNR = 7
# makefile
.DEFAULT_GOAL := default_target
# makefile (from 'Makefile', line 64)
RM = /usr/bin/cmake -E rm -f
# environment
DISPLAY = :0
# environment
USER = greppel
# default
MAKE_VERSION := 4.3
# environment
SSH_AGENT_PID = 642
# makefile (from 'Makefile', line 44)
MAKESILENT = -s
# environment
_ = /usr/share/code/code
# environment
XDG_RUNTIME_DIR = /run/user/1000
# environment
GPG_AGENT_INFO = /run/user/1000/gnupg/S.gpg-agent:0:1
# environment
XDG_SESSION_CLASS = user
# environment
VSCODE_AMD_ENTRYPOINT = vs/workbench/api/node/extensionHostProcess
# environment
HOME = /home/greppel
# environment
ELECTRON_RUN_AS_NODE = 1
# environment
VSCODE_IPC_HOOK = /run/user/1000/vscode-48bd6fe8-1.66.2-main.sock
# environment
XDG_SESSION_ID = 1
# default
.RECIPEPREFIX := 
# automatic
<F = $(notdir $<)
# default
SUFFIXES := 
# environment
XDG_GREETER_DATA_DIR = /var/lib/lightdm/data/greppel
# default
.FEATURES := target-specific order-only second-expansion else-if shortest-stem undefine oneshell nocomment grouped-target extra-prereqs archives jobserver output-sync check-symlink load
# environment
XDG_MENU_PREFIX = lxde-pi-
# environment
GDMSESSION = lightdm-xsession
# variable set hash-table stats:
# Load=97/1024=9%, Rehash=0, Collisions=4/136=3%

# Pattern-specific Variable Values

# No pattern-specific variable values.

# Directories

# RCS: could not be stat'd.
# SCCS: could not be stat'd.
# . (device 45826, inode 394360): 17 files, no impossibilities.

# 17 files, no impossibilities in 3 directories.

# Implicit Rules

%: %,v

%: RCS/%

%: RCS/%,v

%: SCCS/s.%

%: s.%

%.hpux_make_needs_suffix_list:

# 6 implicit rules, 0 (0.0%) terminal.
# Files

depend:
#  Phony target (prerequisite of .PHONY).
#  Implicit rule search has not been done.
#  File does not exist.
#  File has not been updated.
#  recipe to execute (from 'Makefile', line 129):
	$(CMAKE_COMMAND) -S$(CMAKE_SOURCE_DIR) -B$(CMAKE_BINARY_DIR) --check-build-system CMakeFiles/Makefile.cmake 1

default_target: all
#  Phony target (prerequisite of .PHONY).
#  Implicit rule search has not been done.
#  File does not exist.
#  File has not been updated.

main.cpp.o:
#  Phony target (prerequisite of .PHONY).
#  Implicit rule search has not been done.
#  File does not exist.
#  File has not been updated.
#  recipe to execute (from 'Makefile', line 178):
	$(MAKE) $(MAKESILENT) -f CMakeFiles/Test.dir/build.make CMakeFiles/Test.dir/main.cpp.o

edit_cache/fast: edit_cache
#  Phony target (prerequisite of .PHONY).
#  Implicit rule search has not been done.
#  File does not exist.
#  File has not been updated.

Test: cmake_check_build_system
#  Phony target (prerequisite of .PHONY).
#  Implicit rule search has not been done.
#  File does not exist.
#  File has not been updated.
#  recipe to execute (from 'Makefile', line 137):
	$(MAKE) $(MAKESILENT) -f CMakeFiles/Makefile2 Test

# Not a target:
Makefile:
#  Implicit rule search has been done.
#  Last modified 2022-06-01 15:16:37.188983712
#  File has been updated.
#  Successfully updated.

rebuild_cache:
#  Phony target (prerequisite of .PHONY).
#  Implicit rule search has not been done.
#  File does not exist.
#  File has not been updated.
#  recipe to execute (from 'Makefile', line 80):
	@$(CMAKE_COMMAND) -E cmake_echo_color --switch=$(COLOR) --cyan "Running CMake to regenerate build system..."
	/usr/bin/cmake --regenerate-during-build -S$(CMAKE_SOURCE_DIR) -B$(CMAKE_BINARY_DIR)

 
ServoClass.cpp.i:
#  Phony target (prerequisite of .PHONY).
#  Implicit rule search has not been done.
#  File does not exist.
#  File has not been updated.
#  recipe to execute (from 'Makefile', line 160):
	$(MAKE) $(MAKESILENT) -f CMakeFiles/Test.dir/build.make CMakeFiles/Test.dir/ServoClass.cpp.i

Test/fast:
#  Phony target (prerequisite of .PHONY).
#  Implicit rule search has not been done.
#  File does not exist.
#  File has not been updated.
#  recipe to execute (from 'Makefile', line 142):
	$(MAKE) $(MAKESILENT) -f CMakeFiles/Test.dir/build.make CMakeFiles/Test.dir/build

.SILENT:
#  Implicit rule search has not been done.
#  Modification time never checked.
#  File has not been updated.

main.s: main.cpp.s
#  Phony target (prerequisite of .PHONY).
#  Implicit rule search has not been done.
#  File does not exist.
#  File has not been updated.

clean:
#  Phony target (prerequisite of .PHONY).
#  Implicit rule search has not been done.
#  File does not exist.
#  File has not been updated.
#  recipe to execute (from 'Makefile', line 109):
	$(MAKE) $(MAKESILENT) -f CMakeFiles/Makefile2 clean

cmake_force:
#  Phony target (prerequisite of .PHONY).
#  Implicit rule search has not been done.
#  File does not exist.
#  File has not been updated.

preinstall/fast:
#  Phony target (prerequisite of .PHONY).
#  Implicit rule search has not been done.
#  File does not exist.
#  File has not been updated.
#  recipe to execute (from 'Makefile', line 124):
	$(MAKE) $(MAKESILENT) -f CMakeFiles/Makefile2 preinstall

edit_cache:
#  Phony target (prerequisite of .PHONY).
#  Implicit rule search has not been done.
#  File does not exist.
#  File has not been updated.
#  recipe to execute (from 'Makefile', line 91):
	@$(CMAKE_COMMAND) -E cmake_echo_color --switch=$(COLOR) --cyan "No interactive CMake dialog available..."
	/usr/bin/cmake -E echo No\ interactive\ CMake\ dialog\ available.

ServoClass.o: ServoClass.cpp.o
#  Phony target (prerequisite of .PHONY).
#  Implicit rule search has not been done.
#  File does not exist.
#  File has not been updated.

rebuild_cache/fast: rebuild_cache
#  Phony target (prerequisite of .PHONY).
#  Implicit rule search has not been done.
#  File does not exist.
#  File has not been updated.

ServoClass.i: ServoClass.cpp.i
#  Phony target (prerequisite of .PHONY).
#  Implicit rule search has not been done.
#  File does not exist.
#  File has not been updated.

# Not a target:
.hpux_make_needs_suffix_list:
#  Implicit rule search has not been done.
#  Modification time never checked.
#  File has not been updated.

preinstall: all
#  Phony target (prerequisite of .PHONY).
#  Implicit rule search has not been done.
#  File does not exist.
#  File has not been updated.
#  recipe to execute (from 'Makefile', line 119):
	$(MAKE) $(MAKESILENT) -f CMakeFiles/Makefile2 preinstall

main.i: main.cpp.i
#  Phony target (prerequisite of .PHONY).
#  Implicit rule search has not been done.
#  File does not exist.
#  File has not been updated.

ServoClass.s: ServoClass.cpp.s
#  Phony target (prerequisite of .PHONY).
#  Implicit rule search has not been done.
#  File does not exist.
#  File has not been updated.

# Not a target:
.DEFAULT:
#  Implicit rule search has not been done.
#  Modification time never checked.
#  File has not been updated.

all: cmake_check_build_system
#  Phony target (prerequisite of .PHONY).
#  Command line target.
#  Implicit rule search has not been done.
#  File does not exist.
#  File has been updated.
#  Needs to be updated (-q is set).
# variable set hash-table stats:
# Load=0/32=0%, Rehash=0, Collisions=0/6=0%
#  recipe to execute (from 'Makefile', line 102):
	$(CMAKE_COMMAND) -E cmake_progress_start /home/greppel/projects/Robotics/ServoMotor/MyDynamixel/CMakeFiles /home/greppel/projects/Robotics/ServoMotor/MyDynamixel//CMakeFiles/progress.marks
	$(MAKE) $(MAKESILENT) -f CMakeFiles/Makefile2 all
	$(CMAKE_COMMAND) -E cmake_progress_start /home/greppel/projects/Robotics/ServoMotor/MyDynamixel/CMakeFiles 0

help:
#  Phony target (prerequisite of .PHONY).
#  Implicit rule search has not been done.
#  File does not exist.
#  File has not been updated.
#  recipe to execute (from 'Makefile', line 201):
	@echo "The following are some of the valid targets for this Makefile:"
	@echo "... all (the default if no target is provided)"
	@echo "... clean"
	@echo "... depend"
	@echo "... edit_cache"
	@echo "... rebuild_cache"
	@echo "... Test"
	@echo "... ServoClass.o"
	@echo "... ServoClass.i"
	@echo "... ServoClass.s"
	@echo "... main.o"
	@echo "... main.i"
	@echo "... main.s"

main.cpp.s:
#  Phony target (prerequisite of .PHONY).
#  Implicit rule search has not been done.
#  File does not exist.
#  File has not been updated.
#  recipe to execute (from 'Makefile', line 196):
	$(MAKE) $(MAKESILENT) -f CMakeFiles/Test.dir/build.make CMakeFiles/Test.dir/main.cpp.s

clean/fast: clean
#  Phony target (prerequisite of .PHONY).
#  Implicit rule search has not been done.
#  File does not exist.
#  File has not been updated.

main.cpp.i:
#  Phony target (prerequisite of .PHONY).
#  Implicit rule search has not been done.
#  File does not exist.
#  File has not been updated.
#  recipe to execute (from 'Makefile', line 187):
	$(MAKE) $(MAKESILENT) -f CMakeFiles/Test.dir/build.make CMakeFiles/Test.dir/main.cpp.i

main.o: main.cpp.o
#  Phony target (prerequisite of .PHONY).
#  Implicit rule search has not been done.
#  File does not exist.
#  File has not been updated.

.NOTPARALLEL:
#  Implicit rule search has not been done.
#  Modification time never checked.
#  File has not been updated.

ServoClass.cpp.o:
#  Phony target (prerequisite of .PHONY).
#  Implicit rule search has not been done.
#  File does not exist.
#  File has not been updated.
#  recipe to execute (from 'Makefile', line 151):
	$(MAKE) $(MAKESILENT) -f CMakeFiles/Test.dir/build.make CMakeFiles/Test.dir/ServoClass.cpp.o

cmake_check_build_system:
#  Phony target (prerequisite of .PHONY).
#  Implicit rule search has not been done.
#  Implicit/static pattern stem: ''
#  File does not exist.
#  File has been updated.
#  Needs to be updated (-q is set).
# automatic
# @ := cmake_check_build_system
# automatic
# * := 
# automatic
# < := 
# automatic
# + := 
# automatic
# % := 
# automatic
# ^ := 
# automatic
# ? := 
# automatic
# | := 
# variable set hash-table stats:
# Load=8/32=25%, Rehash=0, Collisions=1/14=7%
#  recipe to execute (from 'Makefile', line 225):
	$(CMAKE_COMMAND) -S$(CMAKE_SOURCE_DIR) -B$(CMAKE_BINARY_DIR) --check-build-system CMakeFiles/Makefile.cmake 0

.SUFFIXES: .hpux_make_needs_suffix_list
#  Implicit rule search has not been done.
#  Modification time never checked.
#  File has not been updated.

.PHONY: default_target cmake_force rebuild_cache rebuild_cache/fast edit_cache edit_cache/fast all clean clean/fast preinstall preinstall/fast depend Test Test/fast ServoClass.o ServoClass.cpp.o ServoClass.i ServoClass.cpp.i ServoClass.s ServoClass.cpp.s main.o main.cpp.o main.i main.cpp.i main.s main.cpp.s help cmake_check_build_system
#  Implicit rule search has not been done.
#  Modification time never checked.
#  File has not been updated.

ServoClass.cpp.s:
#  Phony target (prerequisite of .PHONY).
#  Implicit rule search has not been done.
#  File does not exist.
#  File has not been updated.
#  recipe to execute (from 'Makefile', line 169):
	$(MAKE) $(MAKESILENT) -f CMakeFiles/Test.dir/build.make CMakeFiles/Test.dir/ServoClass.cpp.s

# files hash-table stats:
# Load=35/1024=3%, Rehash=0, Collisions=0/125=0%
# VPATH Search Paths

# No 'vpath' search paths.

# No general ('VPATH' variable) search path.

# strcache buffers: 1 (0) / strings = 61 / storage = 675 B / avg = 11 B
# current buf: size = 8174 B / used = 675 B / count = 61 / avg = 11 B

# strcache performance: lookups = 202 / hit rate = 69%
# hash-table stats:
# Load=61/8192=1%, Rehash=0, Collisions=0/202=0%
# Finished Make data base on Wed Jun  1 15:26:16 2022

 
