This file contains any messages produced by compilers while
running configure, to aid debugging if configure makes a mistake.

It was created by bluez configure 5.58, which was
generated by GNU Autoconf 2.69.  Invocation command line was

  $ ./configure --enable-mesh --enable-testing --enable-tools --prefix=/usr --mandir=/usr/share/man --sysconfdir=/etc --localstatedir=/var

## --------- ##
## Platform. ##
## --------- ##

hostname = raspberrypi
uname -m = armv7l
uname -r = 5.15.38-v7+
uname -s = Linux
uname -v = #1552 SMP Mon May 9 17:06:58 BST 2022

/usr/bin/uname -p = unknown
/bin/uname -X     = unknown

/bin/arch              = armv7l
/usr/bin/arch -k       = unknown
/usr/convex/getsysinfo = unknown
/usr/bin/hostinfo      = unknown
/bin/machine           = unknown
/usr/bin/oslevel       = unknown
/bin/universe          = unknown

PATH: /usr/local/sbin
PATH: /usr/local/bin
PATH: /usr/sbin
PATH: /usr/bin
PATH: /sbin
PATH: /bin
PATH: /usr/local/games
PATH: /usr/games


## ----------- ##
## Core tests. ##
## ----------- ##

configure:2526: checking for a BSD-compatible install
configure:2594: result: /usr/bin/install -c
configure:2605: checking whether build environment is sane
configure:2660: result: yes
configure:2811: checking for a thread-safe mkdir -p
configure:2850: result: /usr/bin/mkdir -p
configure:2857: checking for gawk
configure:2887: result: no
configure:2857: checking for mawk
configure:2873: found /usr/bin/mawk
configure:2884: result: mawk
configure:2895: checking whether make sets $(MAKE)
configure:2917: result: yes
configure:2946: checking whether make supports nested variables
configure:2963: result: yes
configure:3042: checking how to create a pax tar archive
configure:3053: tar --version
tar (GNU tar) 1.34
Copyright (C) 2021 Free Software Foundation, Inc.
License GPLv3+: GNU GPL version 3 or later <https://gnu.org/licenses/gpl.html>.
This is free software: you are free to change and redistribute it.
There is NO WARRANTY, to the extent permitted by law.

Written by John Gilmore and Jay Fenlason.
configure:3056: $? = 0
configure:3096: tardir=conftest.dir && eval tar --format=posix -chf - "$tardir" >conftest.tar
configure:3099: $? = 0
configure:3103: tar -xf - <conftest.tar
configure:3106: $? = 0
configure:3108: cat conftest.dir/file
GrepMe
configure:3111: $? = 0
configure:3124: result: gnutar
configure:3188: checking whether make supports nested variables
configure:3205: result: yes
configure:3218: checking whether to enable maintainer-specific portions of Makefiles
configure:3227: result: no
configure:3297: checking for pkg-config
configure:3315: found /usr/bin/pkg-config
configure:3327: result: /usr/bin/pkg-config
configure:3352: checking pkg-config is at least version 0.9.0
configure:3355: result: yes
configure:3395: checking whether make supports the include directive
configure:3410: make -f confmf.GNU && cat confinc.out
this is the am__doit target
configure:3413: $? = 0
configure:3432: result: yes (GNU style)
configure:3502: checking for gcc
configure:3518: found /usr/bin/gcc
configure:3529: result: gcc
configure:3758: checking for C compiler version
configure:3767: gcc --version >&5
gcc (Raspbian 10.2.1-6+rpi1) 10.2.1 20210110
Copyright (C) 2020 Free Software Foundation, Inc.
This is free software; see the source for copying conditions.  There is NO
warranty; not even for MERCHANTABILITY or FITNESS FOR A PARTICULAR PURPOSE.

configure:3778: $? = 0
configure:3767: gcc -v >&5
Using built-in specs.
COLLECT_GCC=gcc
COLLECT_LTO_WRAPPER=/usr/lib/gcc/arm-linux-gnueabihf/10/lto-wrapper
Target: arm-linux-gnueabihf
Configured with: ../src/configure -v --with-pkgversion='Raspbian 10.2.1-6+rpi1' --with-bugurl=file:///usr/share/doc/gcc-10/README.Bugs --enable-languages=c,ada,c++,go,d,fortran,objc,obj-c++,m2 --prefix=/usr --with-gcc-major-version-only --program-suffix=-10 --program-prefix=arm-linux-gnueabihf- --enable-shared --enable-linker-build-id --libexecdir=/usr/lib --without-included-gettext --enable-threads=posix --libdir=/usr/lib --enable-nls --enable-bootstrap --enable-clocale=gnu --enable-libstdcxx-debug --enable-libstdcxx-time=yes --with-default-libstdcxx-abi=new --enable-gnu-unique-object --disable-libitm --disable-libquadmath --disable-libquadmath-support --enable-plugin --with-system-zlib --enable-libphobos-checking=release --with-target-system-zlib=auto --enable-objc-gc=auto --enable-multiarch --disable-sjlj-exceptions --with-arch=armv6 --with-fpu=vfp --with-float=hard --disable-werror --enable-checking=release --build=arm-linux-gnueabihf --host=arm-linux-gnueabihf --target=arm-linux-gnueabihf
Thread model: posix
Supported LTO compression algorithms: zlib zstd
gcc version 10.2.1 20210110 (Raspbian 10.2.1-6+rpi1) 
configure:3778: $? = 0
configure:3767: gcc -V >&5
gcc: error: unrecognized command-line option '-V'
gcc: fatal error: no input files
compilation terminated.
configure:3778: $? = 1
configure:3767: gcc -qversion >&5
gcc: error: unrecognized command-line option '-qversion'; did you mean '--version'?
gcc: fatal error: no input files
compilation terminated.
configure:3778: $? = 1
configure:3798: checking whether the C compiler works
configure:3820: gcc    conftest.c  >&5
configure:3824: $? = 0
configure:3872: result: yes
configure:3875: checking for C compiler default output file name
configure:3877: result: a.out
configure:3883: checking for suffix of executables
configure:3890: gcc -o conftest    conftest.c  >&5
configure:3894: $? = 0
configure:3916: result: 
configure:3938: checking whether we are cross compiling
configure:3946: gcc -o conftest    conftest.c  >&5
configure:3950: $? = 0
configure:3957: ./conftest
configure:3961: $? = 0
configure:3976: result: no
configure:3981: checking for suffix of object files
configure:4003: gcc -c   conftest.c >&5
configure:4007: $? = 0
configure:4028: result: o
configure:4032: checking whether we are using the GNU C compiler
configure:4051: gcc -c   conftest.c >&5
configure:4051: $? = 0
configure:4060: result: yes
configure:4069: checking whether gcc accepts -g
configure:4089: gcc -c -g  conftest.c >&5
configure:4089: $? = 0
configure:4130: result: yes
configure:4147: checking for gcc option to accept ISO C89
configure:4210: gcc  -c -g -O2  conftest.c >&5
configure:4210: $? = 0
configure:4223: result: none needed
configure:4248: checking whether gcc understands -c and -o together
configure:4270: gcc -c conftest.c -o conftest2.o
configure:4273: $? = 0
configure:4270: gcc -c conftest.c -o conftest2.o
configure:4273: $? = 0
configure:4285: result: yes
configure:4304: checking dependency style of gcc
configure:4415: result: gcc3
configure:4431: checking for C/C++ restrict keyword
configure:4456: gcc -c -g -O2  conftest.c >&5
configure:4456: $? = 0
configure:4464: result: __restrict
configure:4526: checking for gcc
configure:4553: result: gcc
configure:4782: checking for C compiler version
configure:4791: gcc --version >&5
gcc (Raspbian 10.2.1-6+rpi1) 10.2.1 20210110
Copyright (C) 2020 Free Software Foundation, Inc.
This is free software; see the source for copying conditions.  There is NO
warranty; not even for MERCHANTABILITY or FITNESS FOR A PARTICULAR PURPOSE.

configure:4802: $? = 0
configure:4791: gcc -v >&5
Using built-in specs.
COLLECT_GCC=gcc
COLLECT_LTO_WRAPPER=/usr/lib/gcc/arm-linux-gnueabihf/10/lto-wrapper
Target: arm-linux-gnueabihf
Configured with: ../src/configure -v --with-pkgversion='Raspbian 10.2.1-6+rpi1' --with-bugurl=file:///usr/share/doc/gcc-10/README.Bugs --enable-languages=c,ada,c++,go,d,fortran,objc,obj-c++,m2 --prefix=/usr --with-gcc-major-version-only --program-suffix=-10 --program-prefix=arm-linux-gnueabihf- --enable-shared --enable-linker-build-id --libexecdir=/usr/lib --without-included-gettext --enable-threads=posix --libdir=/usr/lib --enable-nls --enable-bootstrap --enable-clocale=gnu --enable-libstdcxx-debug --enable-libstdcxx-time=yes --with-default-libstdcxx-abi=new --enable-gnu-unique-object --disable-libitm --disable-libquadmath --disable-libquadmath-support --enable-plugin --with-system-zlib --enable-libphobos-checking=release --with-target-system-zlib=auto --enable-objc-gc=auto --enable-multiarch --disable-sjlj-exceptions --with-arch=armv6 --with-fpu=vfp --with-float=hard --disable-werror --enable-checking=release --build=arm-linux-gnueabihf --host=arm-linux-gnueabihf --target=arm-linux-gnueabihf
Thread model: posix
Supported LTO compression algorithms: zlib zstd
gcc version 10.2.1 20210110 (Raspbian 10.2.1-6+rpi1) 
configure:4802: $? = 0
configure:4791: gcc -V >&5
gcc: error: unrecognized command-line option '-V'
gcc: fatal error: no input files
compilation terminated.
configure:4802: $? = 1
configure:4791: gcc -qversion >&5
gcc: error: unrecognized command-line option '-qversion'; did you mean '--version'?
gcc: fatal error: no input files
compilation terminated.
configure:4802: $? = 1
configure:4806: checking whether we are using the GNU C compiler
configure:4834: result: yes
configure:4843: checking whether gcc accepts -g
configure:4904: result: yes
configure:4921: checking for gcc option to accept ISO C89
configure:4997: result: none needed
configure:5022: checking whether gcc understands -c and -o together
configure:5059: result: yes
configure:5078: checking dependency style of gcc
configure:5189: result: gcc3
configure:5206: checking whether gcc accepts -fPIE
configure:5221: result: yes
configure:5290: checking build system type
configure:5304: result: armv7l-unknown-linux-gnueabihf
configure:5324: checking host system type
configure:5337: result: armv7l-unknown-linux-gnueabihf
configure:5378: checking how to print strings
configure:5405: result: printf
configure:5426: checking for a sed that does not truncate output
configure:5490: result: /usr/bin/sed
configure:5508: checking for grep that handles long lines and -e
configure:5566: result: /usr/bin/grep
configure:5571: checking for egrep
configure:5633: result: /usr/bin/grep -E
configure:5638: checking for fgrep
configure:5700: result: /usr/bin/grep -F
configure:5735: checking for ld used by gcc
configure:5802: result: /usr/bin/ld
configure:5809: checking if the linker (/usr/bin/ld) is GNU ld
configure:5824: result: yes
configure:5836: checking for BSD- or MS-compatible name lister (nm)
configure:5890: result: /usr/bin/nm -B
configure:6020: checking the name lister (/usr/bin/nm -B) interface
configure:6027: gcc -c -g -O2  conftest.c >&5
configure:6030: /usr/bin/nm -B "conftest.o"
configure:6033: output
00000000 B some_variable
configure:6040: result: BSD nm
configure:6043: checking whether ln -s works
configure:6047: result: yes
configure:6055: checking the maximum length of command line arguments
configure:6186: result: 1572864
configure:6234: checking how to convert armv7l-unknown-linux-gnueabihf file names to armv7l-unknown-linux-gnueabihf format
configure:6274: result: func_convert_file_noop
configure:6281: checking how to convert armv7l-unknown-linux-gnueabihf file names to toolchain format
configure:6301: result: func_convert_file_noop
configure:6308: checking for /usr/bin/ld option to reload object files
configure:6315: result: -r
configure:6389: checking for objdump
configure:6405: found /usr/bin/objdump
configure:6416: result: objdump
configure:6448: checking how to recognize dependent libraries
configure:6648: result: pass_all
configure:6733: checking for dlltool
configure:6763: result: no
configure:6793: checking how to associate runtime and link libraries
configure:6820: result: printf %s\n
configure:6880: checking for ar
configure:6896: found /usr/bin/ar
configure:6907: result: ar
configure:6944: checking for archiver @FILE support
configure:6961: gcc -c -g -O2  conftest.c >&5
configure:6961: $? = 0
configure:6964: ar cr libconftest.a @conftest.lst >&5
configure:6967: $? = 0
configure:6972: ar cr libconftest.a @conftest.lst >&5
ar: conftest.o: No such file or directory
configure:6975: $? = 1
configure:6987: result: @
configure:7045: checking for strip
configure:7061: found /usr/bin/strip
configure:7072: result: strip
configure:7144: checking for ranlib
configure:7160: found /usr/bin/ranlib
configure:7171: result: ranlib
configure:7273: checking command to parse /usr/bin/nm -B output from gcc object
configure:7426: gcc -c -g -O2  conftest.c >&5
configure:7429: $? = 0
configure:7433: /usr/bin/nm -B conftest.o | sed -n -e 's/^.*[	 ]\([ABCDGIRSTW][ABCDGIRSTW]*\)[	 ][	 ]*\([_A-Za-z][_A-Za-z0-9]*\)$/\1 \2 \2/p' | sed '/ __gnu_lto/d' > conftest.nm
configure:7499: gcc -o conftest -g -O2   conftest.c conftstm.o >&5
configure:7502: $? = 0
configure:7540: result: ok
configure:7587: checking for sysroot
configure:7617: result: no
configure:7624: checking for a working dd
configure:7662: result: /usr/bin/dd
configure:7666: checking how to truncate binary pipes
configure:7681: result: /usr/bin/dd bs=4096 count=1
configure:8010: checking for mt
configure:8026: found /usr/bin/mt
configure:8037: result: mt
configure:8060: checking if mt is a manifest tool
configure:8066: mt '-?'
configure:8074: result: no
configure:8751: checking how to run the C preprocessor
configure:8782: gcc -E  conftest.c
configure:8782: $? = 0
configure:8796: gcc -E  conftest.c
conftest.c:12:10: fatal error: ac_nonexistent.h: No such file or directory
   12 | #include <ac_nonexistent.h>
      |          ^~~~~~~~~~~~~~~~~~
compilation terminated.
configure:8796: $? = 1
configure: failed program was:
| /* confdefs.h */
| #define PACKAGE_NAME "bluez"
| #define PACKAGE_TARNAME "bluez"
| #define PACKAGE_VERSION "5.58"
| #define PACKAGE_STRING "bluez 5.58"
| #define PACKAGE_BUGREPORT ""
| #define PACKAGE_URL ""
| #define PACKAGE "bluez"
| #define VERSION "5.58"
| #define restrict __restrict
| /* end confdefs.h.  */
| #include <ac_nonexistent.h>
configure:8821: result: gcc -E
configure:8841: gcc -E  conftest.c
configure:8841: $? = 0
configure:8855: gcc -E  conftest.c
conftest.c:12:10: fatal error: ac_nonexistent.h: No such file or directory
   12 | #include <ac_nonexistent.h>
      |          ^~~~~~~~~~~~~~~~~~
compilation terminated.
configure:8855: $? = 1
configure: failed program was:
| /* confdefs.h */
| #define PACKAGE_NAME "bluez"
| #define PACKAGE_TARNAME "bluez"
| #define PACKAGE_VERSION "5.58"
| #define PACKAGE_STRING "bluez 5.58"
| #define PACKAGE_BUGREPORT ""
| #define PACKAGE_URL ""
| #define PACKAGE "bluez"
| #define VERSION "5.58"
| #define restrict __restrict
| /* end confdefs.h.  */
| #include <ac_nonexistent.h>
configure:8884: checking for ANSI C header files
configure:8904: gcc -c -g -O2  conftest.c >&5
configure:8904: $? = 0
configure:8977: gcc -o conftest -g -O2   conftest.c  >&5
configure:8977: $? = 0
configure:8977: ./conftest
configure:8977: $? = 0
configure:8988: result: yes
configure:9001: checking for sys/types.h
configure:9001: gcc -c -g -O2  conftest.c >&5
configure:9001: $? = 0
configure:9001: result: yes
configure:9001: checking for sys/stat.h
configure:9001: gcc -c -g -O2  conftest.c >&5
configure:9001: $? = 0
configure:9001: result: yes
configure:9001: checking for stdlib.h
configure:9001: gcc -c -g -O2  conftest.c >&5
configure:9001: $? = 0
configure:9001: result: yes
configure:9001: checking for string.h
configure:9001: gcc -c -g -O2  conftest.c >&5
configure:9001: $? = 0
configure:9001: result: yes
configure:9001: checking for memory.h
configure:9001: gcc -c -g -O2  conftest.c >&5
configure:9001: $? = 0
configure:9001: result: yes
configure:9001: checking for strings.h
configure:9001: gcc -c -g -O2  conftest.c >&5
configure:9001: $? = 0
configure:9001: result: yes
configure:9001: checking for inttypes.h
configure:9001: gcc -c -g -O2  conftest.c >&5
configure:9001: $? = 0
configure:9001: result: yes
configure:9001: checking for stdint.h
configure:9001: gcc -c -g -O2  conftest.c >&5
configure:9001: $? = 0
configure:9001: result: yes
configure:9001: checking for unistd.h
configure:9001: gcc -c -g -O2  conftest.c >&5
configure:9001: $? = 0
configure:9001: result: yes
configure:9015: checking for dlfcn.h
configure:9015: gcc -c -g -O2  conftest.c >&5
configure:9015: $? = 0
configure:9015: result: yes
configure:9241: checking for objdir
configure:9256: result: .libs
configure:9516: checking if gcc supports -fno-rtti -fno-exceptions
configure:9534: gcc -c -g -O2  -fno-rtti -fno-exceptions conftest.c >&5
cc1: warning: command-line option '-fno-rtti' is valid for C++/D/ObjC++ but not for C
configure:9538: $? = 0
configure:9551: result: no
configure:9915: checking for gcc option to produce PIC
configure:9922: result: -fPIC -DPIC
configure:9930: checking if gcc PIC flag -fPIC -DPIC works
configure:9948: gcc -c -g -O2  -fPIC -DPIC -DPIC conftest.c >&5
configure:9952: $? = 0
configure:9965: result: yes
configure:9994: checking if gcc static flag -static works
configure:10022: result: yes
configure:10037: checking if gcc supports -c -o file.o
configure:10058: gcc -c -g -O2  -o out/conftest2.o conftest.c >&5
configure:10062: $? = 0
configure:10084: result: yes
configure:10092: checking if gcc supports -c -o file.o
configure:10139: result: yes
configure:10172: checking whether the gcc linker (/usr/bin/ld) supports shared libraries
configure:11435: result: yes
configure:11472: checking whether -lc should be explicitly linked in
configure:11480: gcc -c -g -O2  conftest.c >&5
configure:11483: $? = 0
configure:11498: gcc -shared  -fPIC -DPIC conftest.o  -v -Wl,-soname -Wl,conftest -o conftest 2\>\&1 \| /usr/bin/grep  -lc  \>/dev/null 2\>\&1
configure:11501: $? = 0
configure:11515: result: no
configure:11675: checking dynamic linker characteristics
configure:12256: gcc -o conftest -g -O2   -Wl,-rpath -Wl,/foo conftest.c  >&5
configure:12256: $? = 0
configure:12505: result: GNU/Linux ld.so
configure:12627: checking how to hardcode library paths into programs
configure:12652: result: immediate
configure:13200: checking whether stripping libraries is possible
configure:13205: result: yes
configure:13240: checking if libtool supports shared libraries
configure:13242: result: yes
configure:13245: checking whether to build shared libraries
configure:13270: result: yes
configure:13273: checking whether to build static libraries
configure:13277: result: no
configure:13517: checking for explicit_bzero
configure:13517: gcc -o conftest -g -O2   conftest.c  >&5
configure:13517: $? = 0
configure:13517: result: yes
configure:13529: checking for rawmemchr
configure:13529: gcc -o conftest -g -O2   conftest.c  >&5
configure:13529: $? = 0
configure:13529: result: yes
configure:13539: checking for signalfd
configure:13539: gcc -o conftest -g -O2   conftest.c  >&5
configure:13539: $? = 0
configure:13539: result: yes
configure:13547: checking for clock_gettime in -lrt
configure:13572: gcc -o conftest -g -O2   conftest.c -lrt   >&5
configure:13572: $? = 0
configure:13581: result: yes
configure:13590: checking for pthread_create in -lpthread
configure:13615: gcc -o conftest -g -O2   conftest.c -lpthread   >&5
configure:13615: $? = 0
configure:13624: result: yes
configure:13633: checking for dlopen in -ldl
configure:13658: gcc -o conftest -g -O2   conftest.c -ldl   >&5
configure:13658: $? = 0
configure:13667: result: yes
configure:13679: checking linux/types.h usability
configure:13679: gcc -c -g -O2  conftest.c >&5
configure:13679: $? = 0
configure:13679: result: yes
configure:13679: checking linux/types.h presence
configure:13679: gcc -E  conftest.c
configure:13679: $? = 0
configure:13679: result: yes
configure:13679: checking for linux/types.h
configure:13679: result: yes
configure:13679: checking linux/if_alg.h usability
configure:13679: gcc -c -g -O2  conftest.c >&5
configure:13679: $? = 0
configure:13679: result: yes
configure:13679: checking linux/if_alg.h presence
configure:13679: gcc -E  conftest.c
configure:13679: $? = 0
configure:13679: result: yes
configure:13679: checking for linux/if_alg.h
configure:13679: result: yes
configure:13692: checking for GLIB
configure:13699: $PKG_CONFIG --exists --print-errors "glib-2.0 >= 2.28"
configure:13702: $? = 0
configure:13716: $PKG_CONFIG --exists --print-errors "glib-2.0 >= 2.28"
configure:13719: $? = 0
configure:13757: result: yes
configure:13845: checking for DBUS
configure:13852: $PKG_CONFIG --exists --print-errors "dbus-1 >= 1.6"
configure:13855: $? = 0
configure:13869: $PKG_CONFIG --exists --print-errors "dbus-1 >= 1.6"
configure:13872: $? = 0
configure:13910: result: yes
configure:13924: checking D-Bus configuration directory
configure:13930: result: /etc
configure:13943: checking D-Bus system bus services dir
configure:13949: result: /usr/share/dbus-1/system-services
configure:13962: checking D-Bus session bus services dir
configure:13968: result: /usr/share/dbus-1/services
configure:13985: result: ${prefix}/share/zsh/site-functions
configure:14199: checking for UDEV
configure:14206: $PKG_CONFIG --exists --print-errors "libudev >= 172"
configure:14209: $? = 0
configure:14223: $PKG_CONFIG --exists --print-errors "libudev >= 172"
configure:14226: $? = 0
configure:14264: result: yes
configure:14270: checking for udev_hwdb_new in -ludev
configure:14295: gcc -o conftest -g -O2   conftest.c -ludev   >&5
configure:14295: $? = 0
configure:14304: result: yes
configure:14329: checking udev directory
configure:14335: result: /lib/udev
configure:14372: checking for JSONC
configure:14379: $PKG_CONFIG --exists --print-errors "json-c >= 0.13"
configure:14382: $? = 0
configure:14396: $PKG_CONFIG --exists --print-errors "json-c >= 0.13"
configure:14399: $? = 0
configure:14437: result: yes
configure:14543: checking for ICAL
configure:14550: $PKG_CONFIG --exists --print-errors "libical"
configure:14553: $? = 0
configure:14567: $PKG_CONFIG --exists --print-errors "libical"
configure:14570: $? = 0
configure:14608: result: yes
configure:14755: checking readline/readline.h usability
configure:14755: gcc -c -g -O2  conftest.c >&5
configure:14755: $? = 0
configure:14755: result: yes
configure:14755: checking readline/readline.h presence
configure:14755: gcc -E  conftest.c
configure:14755: $? = 0
configure:14755: result: yes
configure:14755: checking for readline/readline.h
configure:14755: result: yes
configure:14798: checking systemd system unit dir
configure:14804: result: /lib/systemd/system
configure:14817: checking systemd user unit dir
configure:14823: result: /usr/lib/systemd/user
configure:15257: checking that generated files are newer than configure
configure:15263: result: done
configure:15438: creating ./config.status

## ---------------------- ##
## Running config.status. ##
## ---------------------- ##

This file was extended by bluez config.status 5.58, which was
generated by GNU Autoconf 2.69.  Invocation command line was

  CONFIG_FILES    = 
  CONFIG_HEADERS  = 
  CONFIG_LINKS    = 
  CONFIG_COMMANDS = 
  $ ./config.status 

on raspberrypi

config.status:1213: creating Makefile
config.status:1213: creating src/bluetoothd.8
config.status:1213: creating lib/bluez.pc
config.status:1213: creating config.h
config.status:1442: executing depfiles commands
config.status:1519: cd .       && sed -e '/# am--include-marker/d' Makefile         | make -f - am--depfiles
config.status:1524: $? = 0
config.status:1442: executing libtool commands

## ---------------- ##
## Cache variables. ##
## ---------------- ##

ac_cv_build=armv7l-unknown-linux-gnueabihf
ac_cv_c_compiler_gnu=yes
ac_cv_c_restrict=__restrict
ac_cv_env_ALSA_CFLAGS_set=
ac_cv_env_ALSA_CFLAGS_value=
ac_cv_env_ALSA_LIBS_set=
ac_cv_env_ALSA_LIBS_value=
ac_cv_env_CC_set=
ac_cv_env_CC_value=
ac_cv_env_CFLAGS_set=
ac_cv_env_CFLAGS_value=
ac_cv_env_CPPFLAGS_set=
ac_cv_env_CPPFLAGS_value=
ac_cv_env_CPP_set=
ac_cv_env_CPP_value=
ac_cv_env_DBUS_CFLAGS_set=
ac_cv_env_DBUS_CFLAGS_value=
ac_cv_env_DBUS_LIBS_set=
ac_cv_env_DBUS_LIBS_value=
ac_cv_env_ELL_CFLAGS_set=
ac_cv_env_ELL_CFLAGS_value=
ac_cv_env_ELL_LIBS_set=
ac_cv_env_ELL_LIBS_value=
ac_cv_env_GLIB_CFLAGS_set=
ac_cv_env_GLIB_CFLAGS_value=
ac_cv_env_GLIB_LIBS_set=
ac_cv_env_GLIB_LIBS_value=
ac_cv_env_GTHREAD_CFLAGS_set=
ac_cv_env_GTHREAD_CFLAGS_value=
ac_cv_env_GTHREAD_LIBS_set=
ac_cv_env_GTHREAD_LIBS_value=
ac_cv_env_ICAL_CFLAGS_set=
ac_cv_env_ICAL_CFLAGS_value=
ac_cv_env_ICAL_LIBS_set=
ac_cv_env_ICAL_LIBS_value=
ac_cv_env_JSONC_CFLAGS_set=
ac_cv_env_JSONC_CFLAGS_value=
ac_cv_env_JSONC_LIBS_set=
ac_cv_env_JSONC_LIBS_value=
ac_cv_env_LDFLAGS_set=
ac_cv_env_LDFLAGS_value=
ac_cv_env_LIBS_set=
ac_cv_env_LIBS_value=
ac_cv_env_LT_SYS_LIBRARY_PATH_set=
ac_cv_env_LT_SYS_LIBRARY_PATH_value=
ac_cv_env_PKG_CONFIG_LIBDIR_set=
ac_cv_env_PKG_CONFIG_LIBDIR_value=
ac_cv_env_PKG_CONFIG_PATH_set=
ac_cv_env_PKG_CONFIG_PATH_value=
ac_cv_env_PKG_CONFIG_set=
ac_cv_env_PKG_CONFIG_value=
ac_cv_env_SBC_CFLAGS_set=
ac_cv_env_SBC_CFLAGS_value=
ac_cv_env_SBC_LIBS_set=
ac_cv_env_SBC_LIBS_value=
ac_cv_env_SPEEXDSP_CFLAGS_set=
ac_cv_env_SPEEXDSP_CFLAGS_value=
ac_cv_env_SPEEXDSP_LIBS_set=
ac_cv_env_SPEEXDSP_LIBS_value=
ac_cv_env_UDEV_CFLAGS_set=
ac_cv_env_UDEV_CFLAGS_value=
ac_cv_env_UDEV_LIBS_set=
ac_cv_env_UDEV_LIBS_value=
ac_cv_env_build_alias_set=
ac_cv_env_build_alias_value=
ac_cv_env_host_alias_set=
ac_cv_env_host_alias_value=
ac_cv_env_target_alias_set=
ac_cv_env_target_alias_value=
ac_cv_func_explicit_bzero=yes
ac_cv_func_rawmemchr=yes
ac_cv_func_signalfd=yes
ac_cv_header_dlfcn_h=yes
ac_cv_header_inttypes_h=yes
ac_cv_header_linux_if_alg_h=yes
ac_cv_header_linux_types_h=yes
ac_cv_header_memory_h=yes
ac_cv_header_readline_readline_h=yes
ac_cv_header_stdc=yes
ac_cv_header_stdint_h=yes
ac_cv_header_stdlib_h=yes
ac_cv_header_string_h=yes
ac_cv_header_strings_h=yes
ac_cv_header_sys_stat_h=yes
ac_cv_header_sys_types_h=yes
ac_cv_header_unistd_h=yes
ac_cv_host=armv7l-unknown-linux-gnueabihf
ac_cv_lib_dl_dlopen=yes
ac_cv_lib_pthread_pthread_create=yes
ac_cv_lib_rt_clock_gettime=yes
ac_cv_lib_udev_udev_hwdb_new=yes
ac_cv_objext=o
ac_cv_path_EGREP='/usr/bin/grep -E'
ac_cv_path_FGREP='/usr/bin/grep -F'
ac_cv_path_GREP=/usr/bin/grep
ac_cv_path_SED=/usr/bin/sed
ac_cv_path_ac_pt_PKG_CONFIG=/usr/bin/pkg-config
ac_cv_path_install='/usr/bin/install -c'
ac_cv_path_lt_DD=/usr/bin/dd
ac_cv_path_mkdir=/usr/bin/mkdir
ac_cv_prog_AWK=mawk
ac_cv_prog_CPP='gcc -E'
ac_cv_prog_ac_ct_AR=ar
ac_cv_prog_ac_ct_CC=gcc
ac_cv_prog_ac_ct_MANIFEST_TOOL=mt
ac_cv_prog_ac_ct_OBJDUMP=objdump
ac_cv_prog_ac_ct_RANLIB=ranlib
ac_cv_prog_ac_ct_STRIP=strip
ac_cv_prog_cc_c89=
ac_cv_prog_cc_g=yes
ac_cv_prog_cc_pie=yes
ac_cv_prog_make_make_set=yes
am_cv_CC_dependencies_compiler_type=gcc3
am_cv_make_support_nested_variables=yes
am_cv_prog_cc_c_o=yes
am_cv_prog_tar_pax=gnutar
lt_cv_ar_at_file=@
lt_cv_archive_cmds_need_lc=no
lt_cv_deplibs_check_method=pass_all
lt_cv_file_magic_cmd='$MAGIC_CMD'
lt_cv_file_magic_test_file=
lt_cv_ld_reload_flag=-r
lt_cv_nm_interface='BSD nm'
lt_cv_objdir=.libs
lt_cv_path_LD=/usr/bin/ld
lt_cv_path_NM='/usr/bin/nm -B'
lt_cv_path_mainfest_tool=no
lt_cv_prog_compiler_c_o=yes
lt_cv_prog_compiler_pic='-fPIC -DPIC'
lt_cv_prog_compiler_pic_works=yes
lt_cv_prog_compiler_rtti_exceptions=no
lt_cv_prog_compiler_static_works=yes
lt_cv_prog_gnu_ld=yes
lt_cv_sharedlib_from_linklib_cmd='printf %s\n'
lt_cv_shlibpath_overrides_runpath=yes
lt_cv_sys_global_symbol_pipe='sed -n -e '\''s/^.*[	 ]\([ABCDGIRSTW][ABCDGIRSTW]*\)[	 ][	 ]*\([_A-Za-z][_A-Za-z0-9]*\)$/\1 \2 \2/p'\'' | sed '\''/ __gnu_lto/d'\'''
lt_cv_sys_global_symbol_to_c_name_address='sed -n -e '\''s/^: \(.*\) .*$/  {"\1", (void *) 0},/p'\'' -e '\''s/^[ABCDGIRSTW][ABCDGIRSTW]* .* \(.*\)$/  {"\1", (void *) \&\1},/p'\'''
lt_cv_sys_global_symbol_to_c_name_address_lib_prefix='sed -n -e '\''s/^: \(.*\) .*$/  {"\1", (void *) 0},/p'\'' -e '\''s/^[ABCDGIRSTW][ABCDGIRSTW]* .* \(lib.*\)$/  {"\1", (void *) \&\1},/p'\'' -e '\''s/^[ABCDGIRSTW][ABCDGIRSTW]* .* \(.*\)$/  {"lib\1", (void *) \&\1},/p'\'''
lt_cv_sys_global_symbol_to_cdecl='sed -n -e '\''s/^T .* \(.*\)$/extern int \1();/p'\'' -e '\''s/^[ABCDGIRSTW][ABCDGIRSTW]* .* \(.*\)$/extern char \1;/p'\'''
lt_cv_sys_global_symbol_to_import=
lt_cv_sys_max_cmd_len=1572864
lt_cv_to_host_file_cmd=func_convert_file_noop
lt_cv_to_tool_file_cmd=func_convert_file_noop
lt_cv_truncate_bin='/usr/bin/dd bs=4096 count=1'
pkg_cv_DBUS_CFLAGS='-I/usr/include/dbus-1.0 -I/usr/lib/arm-linux-gnueabihf/dbus-1.0/include'
pkg_cv_DBUS_LIBS=-ldbus-1
pkg_cv_GLIB_CFLAGS='-I/usr/include/glib-2.0 -I/usr/lib/arm-linux-gnueabihf/glib-2.0/include'
pkg_cv_GLIB_LIBS=-lglib-2.0
pkg_cv_ICAL_CFLAGS=
pkg_cv_ICAL_LIBS='-lical -licalss -licalvcal'
pkg_cv_JSONC_CFLAGS=-I/usr/include/json-c
pkg_cv_JSONC_LIBS=-ljson-c
pkg_cv_UDEV_CFLAGS=
pkg_cv_UDEV_LIBS=-ludev

## ----------------- ##
## Output variables. ##
## ----------------- ##

A2DP_FALSE='#'
A2DP_TRUE=''
ACLOCAL='${SHELL} /home/greppel/bluez-5.58/missing aclocal-1.16'
ALSA_CFLAGS=''
ALSA_LIBS=''
AMDEPBACKSLASH='\'
AMDEP_FALSE='#'
AMDEP_TRUE=''
AMTAR='$${TAR-tar}'
AM_BACKSLASH='\'
AM_DEFAULT_V='$(AM_DEFAULT_VERBOSITY)'
AM_DEFAULT_VERBOSITY='0'
AM_V='$(V)'
ANDROID_FALSE=''
ANDROID_TRUE='#'
AR='ar'
AUTOCONF='${SHELL} /home/greppel/bluez-5.58/missing autoconf'
AUTOHEADER='${SHELL} /home/greppel/bluez-5.58/missing autoheader'
AUTOMAKE='${SHELL} /home/greppel/bluez-5.58/missing automake-1.16'
AVRCP_FALSE='#'
AVRCP_TRUE=''
AWK='mawk'
BACKTRACE_CFLAGS=''
BACKTRACE_LIBS=''
BTPCLIENT_FALSE=''
BTPCLIENT_TRUE='#'
CC='gcc'
CCDEPMODE='depmode=gcc3'
CFLAGS='-g -O2'
CLIENT_FALSE='#'
CLIENT_TRUE=''
CONFIGDIR='/etc/bluetooth'
COVERAGE_FALSE=''
COVERAGE_TRUE='#'
CPP='gcc -E'
CPPFLAGS=''
CUPS_FALSE='#'
CUPS_TRUE=''
CYGPATH_W='echo'
DATAFILES_FALSE='#'
DATAFILES_TRUE=''
DBUS_CFLAGS='-I/usr/include/dbus-1.0 -I/usr/lib/arm-linux-gnueabihf/dbus-1.0/include'
DBUS_CONFDIR='/etc'
DBUS_LIBS='-ldbus-1'
DBUS_RUN_SESSION_FALSE=''
DBUS_RUN_SESSION_TRUE='#'
DBUS_SESSIONBUSDIR='/usr/share/dbus-1/services'
DBUS_SYSTEMBUSDIR='/usr/share/dbus-1/system-services'
DEFS='-DHAVE_CONFIG_H'
DEPDIR='.deps'
DEPRECATED_FALSE=''
DEPRECATED_TRUE='#'
DLLTOOL='false'
DSYMUTIL=''
DUMPBIN=''
ECHO_C=''
ECHO_N='-n'
ECHO_T=''
EGREP='/usr/bin/grep -E'
ELL_CFLAGS=''
ELL_LIBS=''
EXEEXT=''
EXPERIMENTAL_FALSE=''
EXPERIMENTAL_TRUE='#'
EXTERNAL_ELL_FALSE=''
EXTERNAL_ELL_TRUE='#'
FGREP='/usr/bin/grep -F'
GLIB_CFLAGS='-I/usr/include/glib-2.0 -I/usr/lib/arm-linux-gnueabihf/glib-2.0/include'
GLIB_LIBS='-lglib-2.0'
GREP='/usr/bin/grep'
GTHREAD_CFLAGS=''
GTHREAD_LIBS=''
HEALTH_FALSE=''
HEALTH_TRUE='#'
HID2HCI_FALSE=''
HID2HCI_TRUE='#'
HID_FALSE='#'
HID_TRUE=''
HOG_FALSE='#'
HOG_TRUE=''
ICAL_CFLAGS=''
ICAL_LIBS='-lical -licalss -licalvcal'
INSTALL_DATA='${INSTALL} -m 644'
INSTALL_PROGRAM='${INSTALL}'
INSTALL_SCRIPT='${INSTALL}'
INSTALL_STRIP_PROGRAM='$(install_sh) -c -s'
JSONC_CFLAGS='-I/usr/include/json-c'
JSONC_LIBS='-ljson-c'
JSON_CFLAGS=''
JSON_LIBS=''
LD='/usr/bin/ld'
LDFLAGS=''
LIBOBJS=''
LIBRARY_FALSE=''
LIBRARY_TRUE='#'
LIBS=''
LIBSHARED_ELL_FALSE='#'
LIBSHARED_ELL_TRUE=''
LIBTOOL='$(SHELL) $(top_builddir)/libtool'
LIPO=''
LN_S='ln -s'
LOGGER_FALSE=''
LOGGER_TRUE='#'
LTLIBOBJS=''
LT_SYS_LIBRARY_PATH=''
MAINT='#'
MAINTAINER_MODE_FALSE=''
MAINTAINER_MODE_TRUE='#'
MAKEINFO='${SHELL} /home/greppel/bluez-5.58/missing makeinfo'
MANIFEST_TOOL=':'
MANPAGES_FALSE=''
MANPAGES_TRUE='#'
MESH_FALSE='#'
MESH_TRUE=''
MIDI_FALSE=''
MIDI_TRUE='#'
MISC_CFLAGS=''
MISC_LDFLAGS=''
MKDIR_P='/usr/bin/mkdir -p'
MONITOR_FALSE='#'
MONITOR_TRUE=''
NETWORK_FALSE='#'
NETWORK_TRUE=''
NFC_FALSE=''
NFC_TRUE='#'
NM='/usr/bin/nm -B'
NMEDIT=''
OBEX_FALSE='#'
OBEX_TRUE=''
OBJDUMP='objdump'
OBJEXT='o'
OTOOL64=''
OTOOL=''
PACKAGE='bluez'
PACKAGE_BUGREPORT=''
PACKAGE_NAME='bluez'
PACKAGE_STRING='bluez 5.58'
PACKAGE_TARNAME='bluez'
PACKAGE_URL=''
PACKAGE_VERSION='5.58'
PATH_SEPARATOR=':'
PKG_CONFIG='/usr/bin/pkg-config'
PKG_CONFIG_LIBDIR=''
PKG_CONFIG_PATH=''
RANLIB='ranlib'
READLINE_FALSE='#'
READLINE_TRUE=''
SAP_FALSE=''
SAP_TRUE='#'
SBC_CFLAGS=''
SBC_LIBS=''
SED='/usr/bin/sed'
SET_MAKE=''
SHELL='/bin/bash'
SIXAXIS_FALSE=''
SIXAXIS_TRUE='#'
SPEEXDSP_CFLAGS=''
SPEEXDSP_LIBS=''
STRIP='strip'
SYSTEMD_FALSE='#'
SYSTEMD_SYSTEMUNITDIR='/lib/systemd/system'
SYSTEMD_TRUE=''
SYSTEMD_USERUNITDIR='/usr/lib/systemd/user'
TESTING_FALSE='#'
TESTING_TRUE=''
TEST_FALSE=''
TEST_TRUE='#'
TOOLS_FALSE='#'
TOOLS_TRUE=''
UDEV_CFLAGS=''
UDEV_DIR='/lib/udev'
UDEV_FALSE='#'
UDEV_LIBS='-ludev'
UDEV_TRUE=''
VALGRIND_FALSE=''
VALGRIND_TRUE='#'
VERSION='5.58'
WARNING_CFLAGS=''
ZSH_COMPLETIONDIR='${prefix}/share/zsh/site-functions'
ZSH_COMPLETIONS_FALSE='#'
ZSH_COMPLETIONS_TRUE=''
ac_ct_AR='ar'
ac_ct_CC='gcc'
ac_ct_DUMPBIN=''
am__EXEEXT_FALSE=''
am__EXEEXT_TRUE='#'
am__fastdepCC_FALSE='#'
am__fastdepCC_TRUE=''
am__include='include'
am__isrc=''
am__leading_dot='.'
am__nodep='_no'
am__quote=''
am__tar='tar --format=posix -chf - "$$tardir"'
am__untar='tar -xf -'
bindir='${exec_prefix}/bin'
build='armv7l-unknown-linux-gnueabihf'
build_alias=''
build_cpu='armv7l'
build_os='linux-gnueabihf'
build_vendor='unknown'
datadir='${datarootdir}'
datarootdir='${prefix}/share'
docdir='${datarootdir}/doc/${PACKAGE_TARNAME}'
dvidir='${docdir}'
enable_coverage=''
enable_dbus_run_session=''
enable_valgrind=''
exec_prefix='${prefix}'
host='armv7l-unknown-linux-gnueabihf'
host_alias=''
host_cpu='armv7l'
host_os='linux-gnueabihf'
host_vendor='unknown'
htmldir='${docdir}'
includedir='${prefix}/include'
infodir='${datarootdir}/info'
install_sh='${SHELL} /home/greppel/bluez-5.58/install-sh'
libdir='${exec_prefix}/lib'
libexecdir='${exec_prefix}/libexec'
localedir='${datarootdir}/locale'
localstatedir='/var'
mandir='/usr/share/man'
mkdir_p='$(MKDIR_P)'
oldincludedir='/usr/include'
pdfdir='${docdir}'
prefix='/usr'
program_transform_name='s,x,x,'
psdir='${docdir}'
runstatedir='${localstatedir}/run'
sbindir='${exec_prefix}/sbin'
sharedstatedir='${prefix}/com'
sysconfdir='/etc'
target_alias=''

## ----------- ##
## confdefs.h. ##
## ----------- ##

/* confdefs.h */
#define PACKAGE_NAME "bluez"
#define PACKAGE_TARNAME "bluez"
#define PACKAGE_VERSION "5.58"
#define PACKAGE_STRING "bluez 5.58"
#define PACKAGE_BUGREPORT ""
#define PACKAGE_URL ""
#define PACKAGE "bluez"
#define VERSION "5.58"
#define restrict __restrict
#define STDC_HEADERS 1
#define HAVE_SYS_TYPES_H 1
#define HAVE_SYS_STAT_H 1
#define HAVE_STDLIB_H 1
#define HAVE_STRING_H 1
#define HAVE_MEMORY_H 1
#define HAVE_STRINGS_H 1
#define HAVE_INTTYPES_H 1
#define HAVE_STDINT_H 1
#define HAVE_UNISTD_H 1
#define HAVE_DLFCN_H 1
#define LT_OBJDIR ".libs/"
#define HAVE_EXPLICIT_BZERO 1
#define HAVE_RAWMEMCHR 1
#define HAVE_LINUX_TYPES_H 1
#define HAVE_LINUX_IF_ALG_H 1
#define HAVE_UDEV_HWDB_NEW 1
#define HAVE_READLINE_READLINE_H 1
#define STORAGEDIR "/var/lib/bluetooth"
#define CONFIGDIR "/etc/bluetooth"
#define MESH_STORAGEDIR "/var/lib/bluetooth/mesh"
#define ANDROID_STORAGEDIR "/var/lib/bluetooth/android"

configure: exit 0
